[2026-02-14 17:58:25] === НАЧАЛО ОБРАБОТКИ ===
[2026-02-14 17:58:25] IP: 178.129.228.89
[2026-02-14 17:58:25] User Agent: Mozilla/5.0 (Windows NT 10.0; Win64; x64; rv:147.0) Gecko/20100101 Firefox/147.0
[2026-02-14 17:58:25] Данные POST: {"admin_email":["lyaisan.333@yandex.ru","floristika57@mail.ru"],"form_subject":"Получать новости на email","form_type":"subscribe","name":"Подписка на email","email":"maya@mail.ru"}
[2026-02-14 17:58:25] Данные GET: []
[2026-02-14 17:58:25] УСПЕХ: Подключение к БД установлено
[2026-02-14 17:58:25] Тип формы: подписка, Тема: Получать новости на email
[2026-02-14 17:58:25] УСПЕХ: Данные сохранены в БД. ID: 27
[2026-02-14 17:58:25] PHPMailer подключен успешно
[2026-02-14 17:58:25] Email для отправки: lyaisan.333@yandex.ru, floristika57@mail.ru
[2026-02-14 17:58:25] УСПЕХ: Письмо отправлено через PHPMailer
[2026-02-14 17:58:25] === ЗАВЕРШЕНИЕ ОБРАБОТКИ ===
[2026-02-14 17:58:25] Редирект на: https://xn--333-qdd4dec.xn--p1ai/?success=1
[2026-02-14 17:59:35] === НАЧАЛО ОБРАБОТКИ ===
[2026-02-14 17:59:35] IP: 178.129.228.89
[2026-02-14 17:59:35] User Agent: Mozilla/5.0 (Windows NT 10.0; Win64; x64; rv:147.0) Gecko/20100101 Firefox/147.0
[2026-02-14 17:59:35] Данные POST: {"admin_email":["lyaisan.333@yandex.ru","floristika57@mail.ru"],"form_subject":"Получать новости на email","form_type":"subscribe","name":"Подписка на email","email":"dostavka@yandex.ru"}
[2026-02-14 17:59:35] Данные GET: []
[2026-02-14 17:59:35] УСПЕХ: Подключение к БД установлено
[2026-02-14 17:59:35] Тип формы: подписка, Тема: Получать новости на email
[2026-02-14 17:59:35] УСПЕХ: Данные сохранены в БД. ID: 28
[2026-02-14 17:59:35] PHPMailer подключен успешно
[2026-02-14 17:59:35] Email для отправки: lyaisan.333@yandex.ru, floristika57@mail.ru
[2026-02-14 17:59:35] УСПЕХ: Письмо отправлено через PHPMailer
[2026-02-14 17:59:35] === ЗАВЕРШЕНИЕ ОБРАБОТКИ ===
[2026-02-14 17:59:35] Редирект на: https://xn--333-qdd4dec.xn--p1ai/dostavka.html?success=1
[2026-02-14 18:03:24] === НАЧАЛО ОБРАБОТКИ ===
[2026-02-14 18:03:24] IP: 178.129.228.89
[2026-02-14 18:03:24] User Agent: Mozilla/5.0 (Windows NT 10.0; Win64; x64; rv:147.0) Gecko/20100101 Firefox/147.0
[2026-02-14 18:03:24] Данные POST: {"admin_email":["lyaisan.333@yandex.ru","floristika57@mail.ru"],"form_subject":"Получать новости на email","form_type":"subscribe","name":"Подписка на email","email":"onas@rambler.ru"}
[2026-02-14 18:03:24] Данные GET: []
[2026-02-14 18:03:24] УСПЕХ: Подключение к БД установлено
[2026-02-14 18:03:24] Тип формы: подписка, Тема: Получать новости на email
[2026-02-14 18:03:24] УСПЕХ: Данные сохранены в БД. ID: 29
[2026-02-14 18:03:24] PHPMailer подключен успешно
[2026-02-14 18:03:24] Email для отправки: lyaisan.333@yandex.ru, floristika57@mail.ru
[2026-02-14 18:03:24] УСПЕХ: Письмо отправлено через PHPMailer
[2026-02-14 18:03:24] === ЗАВЕРШЕНИЕ ОБРАБОТКИ ===
[2026-02-14 18:03:24] Редирект на: https://xn--333-qdd4dec.xn--p1ai/o-nas.html?success=1
[2026-02-14 18:03:58] === НАЧАЛО ОБРАБОТКИ ===
[2026-02-14 18:03:58] IP: 178.129.228.89
[2026-02-14 18:03:58] User Agent: Mozilla/5.0 (Windows NT 10.0; Win64; x64; rv:147.0) Gecko/20100101 Firefox/147.0
[2026-02-14 18:03:58] Данные POST: {"admin_email":["lyaisan.333@yandex.ru","floristika57@mail.ru"],"form_subject":"Получать новости на email","form_type":"subscribe","name":"Подписка на email","email":"katalog@google.com"}
[2026-02-14 18:03:58] Данные GET: []
[2026-02-14 18:03:58] УСПЕХ: Подключение к БД установлено
[2026-02-14 18:03:58] Тип формы: подписка, Тема: Получать новости на email
[2026-02-14 18:03:58] УСПЕХ: Данные сохранены в БД. ID: 30
[2026-02-14 18:03:58] PHPMailer подключен успешно
[2026-02-14 18:03:58] Email для отправки: lyaisan.333@yandex.ru, floristika57@mail.ru
[2026-02-14 18:03:58] УСПЕХ: Письмо отправлено через PHPMailer
[2026-02-14 18:03:58] === ЗАВЕРШЕНИЕ ОБРАБОТКИ ===
[2026-02-14 18:03:58] Редирект на: https://xn--333-qdd4dec.xn--p1ai/catalog.html?success=1
[2026-02-14 18:04:31] === НАЧАЛО ОБРАБОТКИ ===
[2026-02-14 18:04:31] IP: 178.129.228.89
[2026-02-14 18:04:31] User Agent: Mozilla/5.0 (Windows NT 10.0; Win64; x64; rv:147.0) Gecko/20100101 Firefox/147.0
[2026-02-14 18:04:31] Данные POST: {"admin_email":["lyaisan.333@yandex.ru","floristika57@mail.ru"],"form_subject":"В карточке товара","size":"XS","color":"beige","email":"lyaisan.333@yandex.ru"}
[2026-02-14 18:04:31] Данные GET: []
[2026-02-14 18:04:31] УСПЕХ: Подключение к БД установлено
[2026-02-14 18:04:31] Тип формы: заказ_товара, Тема: В карточке товара
[2026-02-14 18:04:31] УСПЕХ: Данные сохранены в БД. ID: 31
[2026-02-14 18:04:31] PHPMailer подключен успешно
[2026-02-14 18:04:31] Email для отправки: lyaisan.333@yandex.ru, floristika57@mail.ru
[2026-02-14 18:04:32] УСПЕХ: Письмо отправлено через PHPMailer
[2026-02-14 18:04:32] === ЗАВЕРШЕНИЕ ОБРАБОТКИ ===
[2026-02-14 18:04:32] Редирект на: https://xn--333-qdd4dec.xn--p1ai/productCard.html?success=1
